<?xml version="1.0" encoding="utf-8"?><testsuites name="pytest tests"><testsuite name="pytest" errors="0" failures="0" skipped="0" tests="58" time="8.688" timestamp="2026-03-16T08:50:52.344962+00:00" hostname="agent-env-ac739f9f-b319-4459-b4c7-05fec0492213"><testcase classname="backend.tests.test_pronokif_api.TestHealthAndBasics" name="test_health_endpoint" time="0.109" /><testcase classname="backend.tests.test_pronokif_api.TestHealthAndBasics" name="test_get_drivers_returns_2026_drivers" time="0.041" /><testcase classname="backend.tests.test_pronokif_api.TestHealthAndBasics" name="test_get_races_returns_2026_calendar" time="0.073" /><testcase classname="backend.tests.test_pronokif_api.TestHealthAndBasics" name="test_get_next_race" time="0.041" /><testcase classname="backend.tests.test_pronokif_api.TestAuthentication" name="test_register_new_user" time="0.275" /><testcase classname="backend.tests.test_pronokif_api.TestAuthentication" name="test_login_existing_user" time="0.279" /><testcase classname="backend.tests.test_pronokif_api.TestAuthentication" name="test_login_invalid_credentials" time="0.265" /><testcase classname="backend.tests.test_pronokif_api.TestAuthentication" name="test_get_current_user" time="0.348" /><testcase classname="backend.tests.test_pronokif_api.TestLeagueManagement" name="test_create_league" time="0.040" /><testcase classname="backend.tests.test_pronokif_api.TestLeagueManagement" name="test_join_league_with_code" time="0.352" /><testcase classname="backend.tests.test_pronokif_api.TestLeagueManagement" name="test_get_my_leagues" time="0.079" /><testcase classname="backend.tests.test_pronokif_api.TestLeagueManagement" name="test_get_leaderboard" time="0.377" /><testcase classname="backend.tests.test_pronokif_api.TestPredictionsWithTop10" name="test_get_existing_prediction" time="0.379" /><testcase classname="backend.tests.test_pronokif_api.TestPredictionsWithTop10" name="test_prediction_submission_format" time="0.472" /><testcase classname="backend.tests.test_pronokif_api.TestSprintWeekend" name="test_china_gp_is_sprint_weekend" time="0.038" /><testcase classname="backend.tests.test_pronokif_api.TestSprintWeekend" name="test_regular_race_not_sprint" time="0.082" /><testcase classname="backend.tests.test_pronokif_api.TestAdminEndpoints" name="test_admin_races_list" time="0.358" /><testcase classname="backend.tests.test_pronokif_api.TestAdminEndpoints" name="test_results_submission_format" time="0.460" /><testcase classname="backend.tests.test_pronokif_api.TestNotifications" name="test_get_unread_count" time="0.359" /><testcase classname="backend.tests.test_pronokif_api.TestNotifications" name="test_get_notifications_list" time="0.347" /><testcase classname="backend.tests.test_pronokif_api.TestBonusBetsNewFormat" name="test_dnf_drivers_is_list" time="0.038" /><testcase classname="backend.tests.test_pronokif_api.TestBonusBetsNewFormat" name="test_bonus_model_has_first_corner" time="0.000" /><testcase classname="backend.tests.test_pronokif_api.TestOpenF1Integration" name="test_openf1_sync_endpoint_exists" time="0.510" /><testcase classname="backend.tests.test_pronokif_features_v2.TestAvatarSystem" name="test_get_all_avatars" time="0.112" /><testcase classname="backend.tests.test_pronokif_features_v2.TestAvatarSystem" name="test_avatar_selection" time="0.346" /><testcase classname="backend.tests.test_pronokif_features_v2.TestAvatarSystem" name="test_avatar_invalid_id" time="0.042" /><testcase classname="backend.tests.test_pronokif_features_v2.TestAvatarSystem" name="test_avatar_upload_placeholder" time="0.105" /><testcase classname="backend.tests.test_pronokif_features_v2.TestAvatarSystem" name="test_reset_to_original_avatar" time="0.044" /><testcase classname="backend.tests.test_pronokif_features_v2.TestMissionsSystem" name="test_get_user_missions" time="0.046" /><testcase classname="backend.tests.test_pronokif_features_v2.TestMissionsSystem" name="test_get_user_stats" time="0.047" /><testcase classname="backend.tests.test_pronokif_features_v2.TestMissionsSystem" name="test_mission_claim_not_completed" time="0.043" /><testcase classname="backend.tests.test_pronokif_features_v2.TestMissionsSystem" name="test_mission_invalid_id" time="0.078" /><testcase classname="backend.tests.test_pronokif_features_v2.TestMiniGamesReaction" name="test_submit_reaction_training" time="0.184" /><testcase classname="backend.tests.test_pronokif_features_v2.TestMiniGamesReaction" name="test_submit_reaction_competition" time="0.139" /><testcase classname="backend.tests.test_pronokif_features_v2.TestMiniGamesBatak" name="test_submit_batak_training" time="0.165" /><testcase classname="backend.tests.test_pronokif_features_v2.TestMiniGamesBatak" name="test_submit_batak_competition" time="0.130" /><testcase classname="backend.tests.test_pronokif_features_v2.TestMiniGamesLeaderboard" name="test_get_reaction_leaderboard" time="0.148" /><testcase classname="backend.tests.test_pronokif_features_v2.TestMiniGamesLeaderboard" name="test_get_batak_leaderboard" time="0.161" /><testcase classname="backend.tests.test_pronokif_features_v2.TestMiniGamesLeaderboard" name="test_get_minigame_attempts" time="0.199" /><testcase classname="backend.tests.test_pronokif_features_v2.TestMiniGamesLeaderboard" name="test_get_global_reaction_leaderboard" time="0.083" /><testcase classname="backend.tests.test_pronokif_features_v2.TestMiniGamesLeaderboard" name="test_get_global_batak_leaderboard" time="0.050" /><testcase classname="backend.tests.test_pronokif_features_v2.TestGlobalLeaderboard" name="test_get_global_leaderboard" time="0.050" /><testcase classname="backend.tests.test_pronokif_features_v2.TestGlobalLeaderboard" name="test_global_leaderboard_limit" time="0.048" /><testcase classname="backend.tests.test_pronokif_features_v2.TestRaceWeekendLeaderboard" name="test_get_race_leaderboard" time="0.099" /><testcase classname="backend.tests.test_race_details.TestUpcomingRacesEndpoint" name="test_upcoming_races_returns_list" time="0.106" /><testcase classname="backend.tests.test_race_details.TestUpcomingRacesEndpoint" name="test_upcoming_races_has_required_fields" time="0.043" /><testcase classname="backend.tests.test_race_details.TestUpcomingRacesEndpoint" name="test_upcoming_races_status_values" time="0.047" /><testcase classname="backend.tests.test_race_details.TestUpcomingRacesEndpoint" name="test_can_predict_matches_status" time="0.047" /><testcase classname="backend.tests.test_race_details.TestUpcomingRacesEndpoint" name="test_sprint_weekends_marked_correctly" time="0.055" /><testcase classname="backend.tests.test_race_details.TestRaceDetailsEndpoint" name="test_race_details_returns_circuit_info" time="0.055" /><testcase classname="backend.tests.test_race_details.TestRaceDetailsEndpoint" name="test_race_details_returns_sessions" time="0.053" /><testcase classname="backend.tests.test_race_details.TestRaceDetailsEndpoint" name="test_standard_weekend_has_fp1_fp2_fp3" time="0.058" /><testcase classname="backend.tests.test_race_details.TestRaceDetailsEndpoint" name="test_sprint_weekend_has_sq_and_sprint" time="0.050" /><testcase classname="backend.tests.test_race_details.TestRaceDetailsEndpoint" name="test_sessions_sorted_by_datetime" time="0.050" /><testcase classname="backend.tests.test_race_details.TestRaceDetailsEndpoint" name="test_race_not_found_returns_404" time="0.047" /><testcase classname="backend.tests.test_race_details.TestRaceDetailsEndpoint" name="test_different_circuits_have_different_stats" time="0.199" /><testcase classname="backend.tests.test_race_details.TestSessionTimeFormats" name="test_session_datetime_is_iso_format" time="0.047" /><testcase classname="backend.tests.test_race_details.TestSessionTimeFormats" name="test_session_names_in_french" time="0.049" /></testsuite></testsuites>