<?xml version="1.0" encoding="utf-8"?><testsuites name="pytest tests"><testsuite name="pytest" errors="0" failures="0" skipped="0" tests="23" time="5.671" timestamp="2026-03-13T11:48:54.811534+00:00" hostname="agent-env-ac739f9f-b319-4459-b4c7-05fec0492213"><testcase classname="backend.tests.test_pronokif_api.TestHealthAndBasics" name="test_health_endpoint" time="0.119" /><testcase classname="backend.tests.test_pronokif_api.TestHealthAndBasics" name="test_get_drivers_returns_20_drivers" time="0.056" /><testcase classname="backend.tests.test_pronokif_api.TestHealthAndBasics" name="test_get_races_returns_2026_calendar" time="0.055" /><testcase classname="backend.tests.test_pronokif_api.TestHealthAndBasics" name="test_get_next_race" time="0.045" /><testcase classname="backend.tests.test_pronokif_api.TestAuthentication" name="test_register_new_user" time="0.270" /><testcase classname="backend.tests.test_pronokif_api.TestAuthentication" name="test_login_existing_user" time="0.295" /><testcase classname="backend.tests.test_pronokif_api.TestAuthentication" name="test_login_invalid_credentials" time="0.268" /><testcase classname="backend.tests.test_pronokif_api.TestAuthentication" name="test_get_current_user" time="0.328" /><testcase classname="backend.tests.test_pronokif_api.TestLeagueManagement" name="test_create_league" time="0.058" /><testcase classname="backend.tests.test_pronokif_api.TestLeagueManagement" name="test_join_league_with_code" time="0.477" /><testcase classname="backend.tests.test_pronokif_api.TestLeagueManagement" name="test_get_my_leagues" time="0.070" /><testcase classname="backend.tests.test_pronokif_api.TestLeagueManagement" name="test_get_leaderboard" time="0.387" /><testcase classname="backend.tests.test_pronokif_api.TestPredictionsWithTop10" name="test_get_existing_prediction" time="0.369" /><testcase classname="backend.tests.test_pronokif_api.TestPredictionsWithTop10" name="test_prediction_submission_format" time="0.465" /><testcase classname="backend.tests.test_pronokif_api.TestSprintWeekend" name="test_china_gp_is_sprint_weekend" time="0.040" /><testcase classname="backend.tests.test_pronokif_api.TestSprintWeekend" name="test_regular_race_not_sprint" time="0.045" /><testcase classname="backend.tests.test_pronokif_api.TestAdminEndpoints" name="test_admin_races_list" time="0.458" /><testcase classname="backend.tests.test_pronokif_api.TestAdminEndpoints" name="test_results_submission_format" time="0.449" /><testcase classname="backend.tests.test_pronokif_api.TestNotifications" name="test_get_unread_count" time="0.400" /><testcase classname="backend.tests.test_pronokif_api.TestNotifications" name="test_get_notifications_list" time="0.351" /><testcase classname="backend.tests.test_pronokif_api.TestBonusBetsNewFormat" name="test_dnf_drivers_is_list" time="0.040" /><testcase classname="backend.tests.test_pronokif_api.TestBonusBetsNewFormat" name="test_bonus_model_has_first_corner" time="0.000" /><testcase classname="backend.tests.test_pronokif_api.TestOpenF1Integration" name="test_openf1_sync_endpoint_exists" time="0.566" /></testsuite></testsuites>