<?xml version="1.0" encoding="utf-8"?><testsuites name="pytest tests"><testsuite name="pytest" errors="0" failures="0" skipped="3" tests="19" time="1.670" timestamp="2026-03-16T13:40:41.697843+00:00" hostname="agent-env-ac739f9f-b319-4459-b4c7-05fec0492213"><testcase classname="backend.tests.test_separate_sprint_main_predictions.TestSprintPredictionsEndpoint" name="test_sprint_endpoint_accepts_valid_sprint_prediction" time="0.427" /><testcase classname="backend.tests.test_separate_sprint_main_predictions.TestSprintPredictionsEndpoint" name="test_sprint_endpoint_rejects_non_sprint_weekend" time="0.046" /><testcase classname="backend.tests.test_separate_sprint_main_predictions.TestSprintPredictionsEndpoint" name="test_sprint_endpoint_validates_top10_count" time="0.048" /><testcase classname="backend.tests.test_separate_sprint_main_predictions.TestSprintPredictionsEndpoint" name="test_sprint_endpoint_rejects_invalid_race_id" time="0.057" /><testcase classname="backend.tests.test_separate_sprint_main_predictions.TestSprintPredictionsEndpoint" name="test_sprint_endpoint_requires_authentication" time="0.040" /><testcase classname="backend.tests.test_separate_sprint_main_predictions.TestMainPredictionsEndpoint" name="test_main_endpoint_accepts_valid_main_prediction" time="0.087" /><testcase classname="backend.tests.test_separate_sprint_main_predictions.TestMainPredictionsEndpoint" name="test_main_endpoint_works_for_classic_weekend" time="0.046" /><testcase classname="backend.tests.test_separate_sprint_main_predictions.TestMainPredictionsEndpoint" name="test_main_endpoint_validates_top10_count" time="0.054" /><testcase classname="backend.tests.test_separate_sprint_main_predictions.TestMainPredictionsEndpoint" name="test_main_endpoint_rejects_invalid_race_id" time="0.079" /><testcase classname="backend.tests.test_separate_sprint_main_predictions.TestMainPredictionsEndpoint" name="test_main_endpoint_requires_authentication" time="0.048" /><testcase classname="backend.tests.test_separate_sprint_main_predictions.TestSprintMainIntegration" name="test_sprint_and_main_update_same_document" time="0.132" /><testcase classname="backend.tests.test_separate_sprint_main_predictions.TestAdminMembersEndpoint" name="test_admin_members_returns_list" time="0.311"><skipped type="pytest.skip" message="Could not login or register admin user: {&quot;detail&quot;:&quot;Invalid credentials&quot;} / {&quot;detail&quot;:&quot;Email already registered&quot;}">/app/backend/tests/test_separate_sprint_main_predictions.py:426: Could not login or register admin user: {"detail":"Invalid credentials"} / {"detail":"Email already registered"}</skipped></testcase><testcase classname="backend.tests.test_separate_sprint_main_predictions.TestAdminMembersEndpoint" name="test_admin_members_requires_admin" time="0.061" /><testcase classname="backend.tests.test_separate_sprint_main_predictions.TestAdminMembersEndpoint" name="test_admin_members_requires_authentication" time="0.040" /><testcase classname="backend.tests.test_separate_sprint_main_predictions.TestAdminMemberDetailsEndpoint" name="test_admin_member_details_returns_full_info" time="0.000"><skipped type="pytest.skip" message="Could not login or register admin user: {&quot;detail&quot;:&quot;Invalid credentials&quot;} / {&quot;detail&quot;:&quot;Email already registered&quot;}">/app/backend/tests/test_separate_sprint_main_predictions.py:465: Could not login or register admin user: {"detail":"Invalid credentials"} / {"detail":"Email already registered"}</skipped></testcase><testcase classname="backend.tests.test_separate_sprint_main_predictions.TestAdminMemberDetailsEndpoint" name="test_admin_member_details_returns_404_for_invalid_id" time="0.000"><skipped type="pytest.skip" message="Could not login or register admin user: {&quot;detail&quot;:&quot;Invalid credentials&quot;} / {&quot;detail&quot;:&quot;Email already registered&quot;}">/app/backend/tests/test_separate_sprint_main_predictions.py:492: Could not login or register admin user: {"detail":"Invalid credentials"} / {"detail":"Email already registered"}</skipped></testcase><testcase classname="backend.tests.test_separate_sprint_main_predictions.TestAdminMemberDetailsEndpoint" name="test_admin_member_details_requires_admin" time="0.050" /><testcase classname="backend.tests.test_separate_sprint_main_predictions.TestRaceInfoForSprintWeekends" name="test_miami_race_has_sprint_close_times" time="0.051" /><testcase classname="backend.tests.test_separate_sprint_main_predictions.TestRaceInfoForSprintWeekends" name="test_upcoming_races_include_sprint_info" time="0.037" /></testsuite></testsuites>