<?xml version="1.0" encoding="utf-8"?><testsuites name="pytest tests"><testsuite name="pytest" errors="0" failures="0" skipped="0" tests="15" time="2.585" timestamp="2026-03-16T09:04:39.407704+00:00" hostname="agent-env-ac739f9f-b319-4459-b4c7-05fec0492213"><testcase classname="backend.tests.test_league_chat_profile.TestLeagueChat" name="test_send_message_to_league" time="0.678" /><testcase classname="backend.tests.test_league_chat_profile.TestLeagueChat" name="test_send_empty_message_rejected" time="0.050" /><testcase classname="backend.tests.test_league_chat_profile.TestLeagueChat" name="test_send_whitespace_message_rejected" time="0.050" /><testcase classname="backend.tests.test_league_chat_profile.TestLeagueChat" name="test_send_long_message_rejected" time="0.037" /><testcase classname="backend.tests.test_league_chat_profile.TestLeagueChat" name="test_get_league_messages" time="0.086" /><testcase classname="backend.tests.test_league_chat_profile.TestLeagueChat" name="test_get_messages_with_limit" time="0.045" /><testcase classname="backend.tests.test_league_chat_profile.TestLeagueChat" name="test_send_message_non_member_rejected" time="0.349" /><testcase classname="backend.tests.test_league_chat_profile.TestLeagueMembers" name="test_get_league_members" time="0.040" /><testcase classname="backend.tests.test_league_chat_profile.TestLeagueMembers" name="test_get_members_non_member_rejected" time="0.832" /><testcase classname="backend.tests.test_league_chat_profile.TestPublicProfile" name="test_get_own_profile" time="0.052" /><testcase classname="backend.tests.test_league_chat_profile.TestPublicProfile" name="test_profile_contains_leagues_in_common" time="0.049" /><testcase classname="backend.tests.test_league_chat_profile.TestPublicProfile" name="test_profile_contains_recent_predictions" time="0.050" /><testcase classname="backend.tests.test_league_chat_profile.TestPublicProfile" name="test_get_nonexistent_user_profile" time="0.043" /><testcase classname="backend.tests.test_league_chat_profile.TestPublicProfile" name="test_profile_excludes_sensitive_data" time="0.047" /><testcase classname="backend.tests.test_league_chat_profile.TestProfileFromChat" name="test_member_to_profile_flow" time="0.094" /></testsuite></testsuites>