<?xml version="1.0" encoding="utf-8"?><testsuites name="pytest tests"><testsuite name="pytest" errors="0" failures="0" skipped="0" tests="11" time="3.527" timestamp="2026-03-19T11:26:03.608770+00:00" hostname="agent-env-ac739f9f-b319-4459-b4c7-05fec0492213"><testcase classname="backend.tests.test_driver_details.TestDriverDetailsAPI" name="test_health_check" time="0.172" /><testcase classname="backend.tests.test_driver_details.TestDriverDetailsAPI" name="test_get_hamilton_details" time="0.111" /><testcase classname="backend.tests.test_driver_details.TestDriverDetailsAPI" name="test_get_verstappen_details" time="0.097" /><testcase classname="backend.tests.test_driver_details.TestDriverDetailsAPI" name="test_get_norris_details" time="0.099" /><testcase classname="backend.tests.test_driver_details.TestDriverDetailsAPI" name="test_get_antonelli_details" time="0.126" /><testcase classname="backend.tests.test_driver_details.TestDriverDetailsAPI" name="test_get_invalid_driver_returns_404" time="0.093" /><testcase classname="backend.tests.test_driver_details.TestDriverDetailsAPI" name="test_driver_photo_url_format" time="0.379" /><testcase classname="backend.tests.test_driver_details.TestDriverDetailsAPI" name="test_driver_facts_structure" time="0.092" /><testcase classname="backend.tests.test_driver_details.TestDriverDetailsAPI" name="test_driver_palmares_structure" time="0.079" /><testcase classname="backend.tests.test_driver_details.TestDriverDetailsAPI" name="test_driver_contract_info" time="0.080" /><testcase classname="backend.tests.test_driver_details.TestDriverDetailsAPI" name="test_all_22_drivers_accessible" time="2.073" /></testsuite></testsuites>