<?xml version="1.0" encoding="utf-8"?><testsuites name="pytest tests"><testsuite name="pytest" errors="0" failures="0" skipped="0" tests="12" time="1.065" timestamp="2026-03-16T12:02:44.623605+00:00" hostname="agent-env-ac739f9f-b319-4459-b4c7-05fec0492213"><testcase classname="backend.tests.test_sprint_predictions.TestRaceConfiguration" name="test_china_is_sprint_weekend" time="0.123" /><testcase classname="backend.tests.test_sprint_predictions.TestRaceConfiguration" name="test_japan_is_classic_weekend" time="0.079" /><testcase classname="backend.tests.test_sprint_predictions.TestSprintPredictionValidation" name="test_sprint_weekend_requires_sprint_quali_pole" time="0.329" /><testcase classname="backend.tests.test_sprint_predictions.TestSprintPredictionValidation" name="test_sprint_weekend_requires_sprint_race_winner" time="0.049" /><testcase classname="backend.tests.test_sprint_predictions.TestSprintPredictionValidation" name="test_sprint_weekend_requires_sprint_quali_top10" time="0.048" /><testcase classname="backend.tests.test_sprint_predictions.TestSprintPredictionValidation" name="test_sprint_weekend_requires_sprint_race_top10" time="0.050" /><testcase classname="backend.tests.test_sprint_predictions.TestClassicPrediction" name="test_classic_weekend_prediction_success" time="0.052" /><testcase classname="backend.tests.test_sprint_predictions.TestClassicPrediction" name="test_classic_weekend_does_not_require_sprint_fields" time="0.068" /><testcase classname="backend.tests.test_sprint_predictions.TestSprintPredictionSuccess" name="test_sprint_weekend_full_prediction" time="0.049" /><testcase classname="backend.tests.test_sprint_predictions.TestPredictionRetrieval" name="test_get_prediction_includes_sprint_fields" time="0.054" /><testcase classname="backend.tests.test_sprint_predictions.TestPredictionModel" name="test_quali_top10_must_have_10_drivers" time="0.051" /><testcase classname="backend.tests.test_sprint_predictions.TestPredictionModel" name="test_race_top10_must_have_10_drivers" time="0.051" /></testsuite></testsuites>